<?xml version="1.0" encoding="UTF-8"?>
<!-- Generated by org.testng.reporters.JUnitReportReporter -->
<testsuite hostname="JARVIS" failures="0" tests="6" name="com.omrbranch.pages.TestRunner" time="55.522" errors="0" timestamp="2023-11-30T10:32:36 IST" skipped="0">
  <testcase classname="com.omrbranch.pages.TestRunner" name="TC4_BookHotel" time="6.025"/>
  <system-out/>
  <testcase classname="com.omrbranch.pages.TestRunner" name="TC1_testMethod" time="0.408"/>
  <system-out/>
  <testcase classname="com.omrbranch.pages.TestRunner" name="TC2_SearchHotel" time="38.040"/>
  <system-out/>
  <testcase classname="com.omrbranch.pages.TestRunner" name="TC5_BookingConfirm" time="2.091"/>
  <system-out/>
  <testcase classname="com.omrbranch.pages.TestRunner" name="TC6_MyBooking" time="6.994"/>
  <system-out/>
  <testcase classname="com.omrbranch.pages.TestRunner" name="TC3_SearchResults" time="1.964"/>
  <system-out/>
</testsuite> <!-- com.omrbranch.pages.TestRunner -->
